INFO:  latexindent.exe version 3.22, 2023-06-01, a script to indent .tex files
       latexindent.exe lives here: C:/tools/TinyTeX/bin/windows/
       Tue Jul  4 12:17:31 2023
       Filename: c:/Users/jseo1005/Box/assets2023_vscode/__latexindent_temp_assets2023_vscode.tex
INFO:  Processing switches:
       -y|--yaml: YAML settings specified via command line
       -c|--cruft: cruft directory
INFO:  Directory for backup files and c:/Users/jseo1005/Box/assets2023_vscode/_extensions/quarto-journals/acm//indent.log:
       c:/Users/jseo1005/Box/assets2023_vscode/_extensions/quarto-journals/acm/
INFO:  YAML settings read: defaultSettings.yaml
       Reading defaultSettings.yaml from C:/tools/TinyTeX/bin/windows/defaultSettings.yaml
       Reading defaultSettings.yaml (2nd attempt) from C:/tools/TinyTeX/bin/windows/../../texmf-dist/scripts/latexindent/defaultSettings.yaml
       and then, if necessary, C:/tools/TinyTeX/bin/windows/LatexIndent/defaultSettings.yaml
INFO:  YAML reading settings
       Home directory is C:\Users\jseo1005
       latexindent.pl didn't find indentconfig.yaml or .indentconfig.yaml
       see all possible locations: https://latexindentpl.readthedocs.io/en/latest/sec-appendices.html#indentconfig-options)
INFO:  YAML settings read: -y switch
       YAML setting: defaultIndent:'  '
       single-quoted string found in -y switch: '  ', substitute to   
       Updating mainSettings with defaultIndent:   
INFO:  Phase 1: searching for objects
INFO:  Phase 2: finding surrounding indentation
INFO:  Phase 3: indenting objects
INFO:  Phase 4: final indentation check
INFO:  Output routine:
       Not outputting to file; see -w and -o switches for more options.
       --------------
INFO:  Please direct all communication/issues to:
        https://github.com/cmhughes/latexindent.pl
